#
# A fatal error has been detected by the Java Runtime Environment:
#
#  EXCEPTION_GUARD_PAGE (0x80000001) at pc=0x000001d58b93c06c, pid=16280, tid=13672
#
# JRE version: Java(TM) SE Runtime Environment (17.0.4.1+1) (build 17.0.4.1+1-LTS-2)
# Java VM: Java HotSpot(TM) 64-Bit Server VM (17.0.4.1+1-LTS-2, mixed mode, sharing, tiered, compressed oops, compressed class ptrs, g1 gc, windows-amd64)
# Problematic frame:
# 
[error occurred during error reporting (printing problematic frame), id 0xc0000005, EXCEPTION_ACCESS_VIOLATION (0xc0000005) at pc=0x00007ff9f347639d]

# No core dump will be written. Minidumps are not enabled by default on client versions of Windows
#
# If you would like to submit a bug report, please visit:
#   https://bugreport.java.com/bugreport/crash.jsp
#

---------------  S U M M A R Y ------------

Command Line: -Duser.language=en -Duser.country=US -javaagent:F:\Vinicius Silvano\Aplicativos\eclipse\configuration\org.eclipse.osgi\845\0\.cp\jacocoagent.jar=includes=*,excludes=,exclclassloader=sun.reflect.DelegatingClassLoader,output=tcpclient,port=56115 -Dfile.encoding=UTF-8 -XX:+ShowCodeDetailsInExceptionMessages youtube.ze_codes_projetos.mercado_meu.main.Mercado

Host: AMD FX(tm)-6300 Six-Core Processor             , 6 cores, 7G,  Windows 10 , 64 bit Build 19041 (10.0.19041.2364)
Time: Mon Jan  2 15:02:56 2023 Hora oficial do Brasil elapsed time: 1.827735 seconds (0d 0h 0m 1s)

---------------  T H R E A D  ---------------

Current thread (0x000001d5aa599000):  JavaThread "D3D Screen Updater" daemon [_thread_in_Java, id=13672, stack(0x000000bd68200000,0x000000bd68300000)]

Stack: [0x000000bd68200000,0x000000bd68300000],  sp=0x000000bd682ff6e0,  free space=1021k
Native frames: (J=compiled Java code, j=interpreted, Vv=VM code, C=native code)
C  0x000001d58b93c06c


siginfo: EXCEPTION_GUARD_PAGE (0x80000001), ExceptionInformation=0x0000000000000000 0x000000bd68301000 


Register to memory mapping:

RIP=0x000001d58b93c06c is at code_begin+76 in an Interpreter codelet
monitorenter  194 monitorenter  [0x000001d58b93c020, 0x000001d58b93c180]  352 bytes
RAX=0x00000000870d9f78 is an oop: sun.java2d.d3d.D3DScreenUpdateManager 
{0x00000000870d9f78} - klass: 'sun/java2d/d3d/D3DScreenUpdateManager'
 - ---- fields (total size 4 words):
 - private volatile 'done' 'Z' @12  false
 - private 'needsUpdateNow' 'Z' @13  false
 - private volatile 'screenUpdater' 'Ljava/lang/Thread;' @16  a 'java/lang/Thread'{0x0000000086fe65a0} (86fe65a0)
 - private 'runLock' 'Ljava/lang/Object;' @20  a 'java/lang/Object'{0x00000000870d9f98} (870d9f98)
 - private 'd3dwSurfaces' 'Ljava/util/ArrayList;' @24  a 'java/util/ArrayList'{0x0000000086fe3d88} (86fe3d88)
 - private 'gdiSurfaces' 'Ljava/util/HashMap;' @28  NULL (0)
RBX=0x00000000000000c2 is an unknown value
RCX=0x000001d5aa5993a8 points into unknown readable memory: 0x0000000000000003 | 03 00 00 00 00 00 00 00
RDX=0x000000bd682ff6d0 is pointing into the stack for thread: 0x000001d5aa599000
RSP=0x000000bd682ff6e0 is pointing into the stack for thread: 0x000001d5aa599000
RBP=0x000000bd682ff738 is pointing into the stack for thread: 0x000001d5aa599000
RSI=0x0000000000000001 is an unknown value
RDI=0x000001d58b9294fe is at code_begin+1118 in an Interpreter codelet
return entry points  [0x000001d58b9290a0, 0x000001d58b929ba0]  2816 bytes
R8 =0x0 is NULL
R9 =0x000000bd68300ff0 is pointing into the stack for thread: 0x000001d5aa596980
R10=0x00007ff9f39625b0 jvm.dll
R11=0x000000bd682ff560 is pointing into the stack for thread: 0x000001d5aa599000
R12=0x0 is NULL
R13=0x000001d5ab4d9420 is pointing into metadata
R14=0x000000bd682ff790 is pointing into the stack for thread: 0x000001d5aa599000
R15=0x000001d5aa599000 is a thread


Registers:
RAX=0x00000000870d9f78, RBX=0x00000000000000c2, RCX=0x000001d5aa5993a8, RDX=0x000000bd682ff6d0
RSP=0x000000bd682ff6e0, RBP=0x000000bd682ff738, RSI=0x0000000000000001, RDI=0x000001d58b9294fe
R8 =0x0000000000000000, R9 =0x000000bd68300ff0, R10=0x00007ff9f39625b0, R11=0x000000bd682ff560
R12=0x0000000000000000, R13=0x000001d5ab4d9420, R14=0x000000bd682ff790, R15=0x000001d5aa599000
RIP=0x000001d58b93c06c, EFLAGS=0x0000000000010202

Top of Stack: (sp=0x000000bd682ff6e0)
0x000000bd682ff6e0:   000000bd682ff6d0 000001d5ab4d9419
0x000000bd682ff6f0:   000000bd682ff790 000001d5ab4d9c00
0x000000bd682ff700:   0000000000000000 00000000870d9e90
0x000000bd682ff710:   000001d5ab4d95a8 0000000000000000
0x000000bd682ff720:   000000bd682ff790 000000bd682ff7e0
0x000000bd682ff730:   000001d58b929962 0000000000000000
0x000000bd682ff740:   0000000000000000 0000000086e6c618
0x000000bd682ff750:   0000000087142198 00000000871ffa48
0x000000bd682ff760:   0000000000000001 0000000000000064
0x000000bd682ff770:   00000000870d9f78 0000000086e6c648
0x000000bd682ff780:   00000000870d9f78 000000bd682ff798
0x000000bd682ff790:   0000000800aeae93 000000bd682ff7f0
0x000000bd682ff7a0:   00000008003fa6f0 0000000000000000
0x000000bd682ff7b0:   0000000087f02e18 000000080001ca70
0x000000bd682ff7c0:   000000bd682ff790 000000bd682ff7f0
0x000000bd682ff7d0:   000000bd682ff9d0 000001d58b921010 

Instructions: (pc=0x000001d58b93c06c)
0x000001d58b93bf6c:   48 8b c0 57 48 8b 7a 28 8b 0f 48 83 c7 08 48 85
0x000001d58b93bf7c:   c0 f2 48 af 5f 58 75 09 48 89 42 20 e9 21 00 00
0x000001d58b93bf8c:   00 48 8b 4d d8 48 85 c9 0f 84 10 00 00 00 48 83
0x000001d58b93bf9c:   41 d0 ff 0f 88 05 00 00 00 48 83 41 d0 01 33 c0
0x000001d58b93bfac:   eb 23 b8 01 00 00 00 e9 19 00 00 00 48 8b 4d d8
0x000001d58b93bfbc:   48 85 c9 0f 84 0c 00 00 00 80 49 01 01 48 83 c1
0x000001d58b93bfcc:   38 48 89 4d d8 41 0f b6 5d 03 49 83 c5 03 49 ba
0x000001d58b93bfdc:   b0 fd 95 f3 f9 7f 00 00 41 ff 24 da 00 00 00 00
0x000001d58b93bfec:   00 00 00 00 00 00 00 00 00 00 00 00 00 00 00 00
0x000001d58b93bffc:   00 00 00 00 80 01 00 00 00 00 00 00 b0 b5 70 f3
0x000001d58b93c00c:   f9 7f 00 00 c2 00 00 00 00 00 00 00 00 00 00 00
0x000001d58b93c01c:   00 00 00 00 58 48 3b 00 33 d2 4c 8b 4d b8 4c 8d
0x000001d58b93c02c:   45 b8 eb 16 49 81 79 08 00 00 00 00 49 0f 44 d1
0x000001d58b93c03c:   49 3b 41 08 74 09 49 83 c1 10 4d 3b c8 75 e5 48
0x000001d58b93c04c:   85 d2 0f 85 28 00 00 00 48 8b 55 b8 48 83 ec 10
0x000001d58b93c05c:   48 83 ea 10 4c 8b cc 48 89 55 b8 e9 0b 00 00 00
0x000001d58b93c06c:   4d 8b 41 10 4d 89 01 49 83 c1 08 4c 3b ca 75 f0
0x000001d58b93c07c:   49 ff c5 48 89 42 08 4c 8b 4a 08 b8 01 00 00 00
0x000001d58b93c08c:   49 0b 01 48 89 02 f0 49 0f b1 11 0f 84 b5 00 00
0x000001d58b93c09c:   00 48 2b c4 48 81 e0 07 f0 ff ff 48 89 02 0f 84
0x000001d58b93c0ac:   a2 00 00 00 e8 05 00 00 00 e9 98 00 00 00 48 8d
0x000001d58b93c0bc:   44 24 08 4c 89 6d c0 49 8b cf c5 f8 77 49 89 af
0x000001d58b93c0cc:   98 02 00 00 49 89 87 88 02 00 00 48 83 ec 20 f7
0x000001d58b93c0dc:   c4 0f 00 00 00 0f 84 1a 00 00 00 48 83 ec 08 49
0x000001d58b93c0ec:   ba 50 dc 1c f3 f9 7f 00 00 41 ff d2 48 83 c4 08
0x000001d58b93c0fc:   e9 0d 00 00 00 49 ba 50 dc 1c f3 f9 7f 00 00 41
0x000001d58b93c10c:   ff d2 48 83 c4 20 49 c7 87 88 02 00 00 00 00 00
0x000001d58b93c11c:   00 49 c7 87 98 02 00 00 00 00 00 00 49 c7 87 90
0x000001d58b93c12c:   02 00 00 00 00 00 00 c5 f8 77 49 81 7f 08 00 00
0x000001d58b93c13c:   00 00 0f 84 05 00 00 00 e9 b7 4d fe ff 4c 8b 6d
0x000001d58b93c14c:   c0 4c 8b 75 c8 c3 4c 89 6d c0 89 84 24 00 90 ff
0x000001d58b93c15c:   ff 41 0f b6 5d 00 49 ba b0 25 96 f3 f9 7f 00 00 


Stack slot to memory mapping:
stack at sp + 0 slots: 0x000000bd682ff6d0 is pointing into the stack for thread: 0x000001d5aa599000
stack at sp + 1 slots: 0x000001d5ab4d9419 is pointing into metadata
stack at sp + 2 slots: 0x000000bd682ff790 is pointing into the stack for thread: 0x000001d5aa599000
stack at sp + 3 slots: 0x000001d5ab4d9c00 is pointing into metadata
stack at sp + 4 slots: 0x0 is NULL
stack at sp + 5 slots: 0x00000000870d9e90 is an oop: java.lang.Class 
{0x00000000870d9e90} - klass: 'java/lang/Class'
 - ---- fields (total size 15 words):
 - private volatile transient 'classRedefinedCount' 'I' @12  0
 - private volatile transient 'cachedConstructor' 'Ljava/lang/reflect/Constructor;' @40  NULL (0)
 - private transient 'name' 'Ljava/lang/String;' @44  "sun.java2d.d3d.D3DScreenUpdateManager"{0x00000000870da188} (870da188)
 - private transient 'module' 'Ljava/lang/Module;' @48  a 'java/lang/Module'{0x0000000087e60e28} (87e60e28)
 - private final 'classLoader' 'Ljava/lang/ClassLoader;' @52  NULL (0)
 - private transient 'classData' 'Ljava/lang/Object;' @56  NULL (0)
 - private transient 'packageName' 'Ljava/lang/String;' @60  "sun.java2d.d3d"{0x0000000087f37ce8} (87f37ce8)
 - private final 'componentType' 'Ljava/lang/Class;' @64  NULL (0)
 - private volatile transient 'reflectionData' 'Ljava/lang/ref/SoftReference;' @68  NULL (0)
 - private volatile transient 'genericInfo' 'Lsun/reflect/generics/repository/ClassRepository;' @72  NULL (0)
 - private volatile transient 'enumConstants' '[Ljava/lang/Object;' @76  NULL (0)
 - private volatile transient 'enumConstantDirectory' 'Ljava/util/Map;' @80  NULL (0)
 - private volatile transient 'annotationData' 'Ljava/lang/Class$AnnotationData;' @84  NULL (0)
 - private volatile transient 'annotationType' 'Lsun/reflect/annotation/AnnotationType;' @88  NULL (0)
 - transient 'classValueMap' 'Ljava/lang/ClassValue$ClassValueMap;' @92  NULL (0)
 - signature: Lsun/java2d/d3d/D3DScreenUpdateManager;
 - fake entry for mirror: 'sun/java2d/d3d/D3DScreenUpdateManager'
 - fake entry for array: NULL
 - fake entry for oop_size: 15
 - fake entry for static_oop_field_count: 0
 - private static final 'MIN_WIN_SIZE' 'I' @112  150 (96)
stack at sp + 6 slots: {method} {0x000001d5ab4d95b0} 'run' '()V' in 'sun/java2d/d3d/D3DScreenUpdateManager'
stack at sp + 7 slots: 0x0 is NULL

monitorenter  194 monitorenter  [0x000001d58b93c020, 0x000001d58b93c180]  352 bytes
[MachCode]
  0x000001d58b93c020: 5848 3b00 | 33d2 4c8b | 4db8 4c8d | 45b8 eb16 | 4981 7908 | 0000 0000 | 490f 44d1 | 493b 4108 
  0x000001d58b93c040: 7409 4983 | c110 4d3b | c875 e548 | 85d2 0f85 | 2800 0000 | 488b 55b8 | 4883 ec10 | 4883 ea10 
  0x000001d58b93c060: 4c8b cc48 | 8955 b8e9 | 0b00 0000 | 4d8b 4110 | 4d89 0149 | 83c1 084c | 3bca 75f0 | 49ff c548 
  0x000001d58b93c080: 8942 084c | 8b4a 08b8 | 0100 0000 | 490b 0148 | 8902 f049 | 0fb1 110f | 84b5 0000 | 0048 2bc4 
  0x000001d58b93c0a0: 4881 e007 | f0ff ff48 | 8902 0f84 | a200 0000 | e805 0000 | 00e9 9800 | 0000 488d | 4424 084c 
  0x000001d58b93c0c0: 896d c049 | 8bcf c5f8 | 7749 89af | 9802 0000 | 4989 8788 | 0200 0048 | 83ec 20f7 | c40f 0000 
  0x000001d58b93c0e0: 000f 841a | 0000 0048 | 83ec 0849 | ba50 dc1c | f3f9 7f00 | 0041 ffd2 | 4883 c408 | e90d 0000 
  0x000001d58b93c100: 0049 ba50 | dc1c f3f9 | 7f00 0041 | ffd2 4883 | c420 49c7 | 8788 0200 | 0000 0000 | 0049 c787 
  0x000001d58b93c120: 9802 0000 | 0000 0000 | 49c7 8790 | 0200 0000 | 0000 00c5 | f877 4981 | 7f08 0000 | 0000 0f84 
  0x000001d58b93c140: 0500 0000 | e9b7 4dfe | ff4c 8b6d | c04c 8b75 | c8c3 4c89 | 6dc0 8984 | 2400 90ff | ff41 0fb6 
  0x000001d58b93c160: 5d00 49ba | b025 96f3 | f97f 0000 | 41ff 24da | 0000 0000 | 0000 0000 | 0000 0000 | 0000 0000 
[/MachCode]

---------------  P R O C E S S  ---------------

Threads class SMR info:
_java_thread_list=0x000001d5aa584070, length=20, elements={
0x000001d58409d750, 0x000001d5a1df7c00, 0x000001d5a1df8a70, 0x000001d5a1e06550,
0x000001d5a1e07e20, 0x000001d5a1e0a7e0, 0x000001d5a1e161c0, 0x000001d5a1e1b370,
0x000001d5a1e1bd20, 0x000001d5a1e1f210, 0x000001d5a1de1690, 0x000001d5a2bdebf0,
0x000001d5a2cc0190, 0x000001d5a2d36fa0, 0x000001d5a2d37470, 0x000001d5a2d37940,
0x000001d5a2d105e0, 0x000001d5a2d0f020, 0x000001d5aa599000, 0x000001d5aa596980
}

Java Threads: ( => current thread )
  0x000001d58409d750 JavaThread "main" [_thread_blocked, id=13760, stack(0x000000bd66400000,0x000000bd66500000)]
  0x000001d5a1df7c00 JavaThread "Reference Handler" daemon [_thread_blocked, id=5488, stack(0x000000bd66b00000,0x000000bd66c00000)]
  0x000001d5a1df8a70 JavaThread "Finalizer" daemon [_thread_blocked, id=1268, stack(0x000000bd66c00000,0x000000bd66d00000)]
  0x000001d5a1e06550 JavaThread "Signal Dispatcher" daemon [_thread_blocked, id=8744, stack(0x000000bd66d00000,0x000000bd66e00000)]
  0x000001d5a1e07e20 JavaThread "Attach Listener" daemon [_thread_blocked, id=15480, stack(0x000000bd66e00000,0x000000bd66f00000)]
  0x000001d5a1e0a7e0 JavaThread "Service Thread" daemon [_thread_blocked, id=11088, stack(0x000000bd66f00000,0x000000bd67000000)]
  0x000001d5a1e161c0 JavaThread "Monitor Deflation Thread" daemon [_thread_blocked, id=5888, stack(0x000000bd67000000,0x000000bd67100000)]
  0x000001d5a1e1b370 JavaThread "C2 CompilerThread0" daemon [_thread_blocked, id=4076, stack(0x000000bd67100000,0x000000bd67200000)]
  0x000001d5a1e1bd20 JavaThread "C1 CompilerThread0" daemon [_thread_blocked, id=15768, stack(0x000000bd67200000,0x000000bd67300000)]
  0x000001d5a1e1f210 JavaThread "Sweeper thread" daemon [_thread_blocked, id=844, stack(0x000000bd67300000,0x000000bd67400000)]
  0x000001d5a1de1690 JavaThread "Common-Cleaner" daemon [_thread_blocked, id=9716, stack(0x000000bd67400000,0x000000bd67500000)]
  0x000001d5a2bdebf0 JavaThread "org.jacoco.agent.rt.internal_b6258fc.output.TcpClientOutput" daemon [_thread_in_native, id=15448, stack(0x000000bd67500000,0x000000bd67600000)]
  0x000001d5a2cc0190 JavaThread "Notification Thread" daemon [_thread_blocked, id=15288, stack(0x000000bd67600000,0x000000bd67700000)]
  0x000001d5a2d36fa0 JavaThread "Java2D Disposer" daemon [_thread_blocked, id=11416, stack(0x000000bd67800000,0x000000bd67900000)]
  0x000001d5a2d37470 JavaThread "AWT-Shutdown" [_thread_blocked, id=13072, stack(0x000000bd67900000,0x000000bd67a00000)]
  0x000001d5a2d37940 JavaThread "AWT-Windows" daemon [_thread_in_native, id=2896, stack(0x000000bd67a00000,0x000000bd67b00000)]
  0x000001d5a2d105e0 JavaThread "Image Fetcher 0" daemon [_thread_blocked, id=13152, stack(0x000000bd67b00000,0x000000bd67c00000)]
  0x000001d5a2d0f020 JavaThread "AWT-EventQueue-0" [_thread_blocked, id=16228, stack(0x000000bd67e00000,0x000000bd67f00000)]
=>0x000001d5aa599000 JavaThread "D3D Screen Updater" daemon [_thread_in_Java, id=13672, stack(0x000000bd68200000,0x000000bd68300000)]
  0x000001d5aa596980 JavaThread "TimerQueue" daemon [_thread_blocked, id=10440, stack(0x000000bd68300000,0x000000bd68400000)]

Other Threads:
  0x000001d5a1df2c00 VMThread "VM Thread" [stack: 0x000000bd66a00000,0x000000bd66b00000] [id=14800]
  0x000001d5a2cc0660 WatcherThread [stack: 0x000000bd67700000,0x000000bd67800000] [id=6360]
  0x000001d5840f7820 GCTaskThread "GC Thread#0" [stack: 0x000000bd66500000,0x000000bd66600000] [id=7440]
  0x000001d584108f00 ConcurrentGCThread "G1 Main Marker" [stack: 0x000000bd66600000,0x000000bd66700000] [id=12136]
  0x000001d584109910 ConcurrentGCThread "G1 Conc#0" [stack: 0x000000bd66700000,0x000000bd66800000] [id=1308]
  0x000001d5a1cb0090 ConcurrentGCThread "G1 Refine#0" [stack: 0x000000bd66800000,0x000000bd66900000] [id=5328]
  0x000001d5a1cb0ab0 ConcurrentGCThread "G1 Service" [stack: 0x000000bd66900000,0x000000bd66a00000] [id=6188]

Threads with active compile tasks:

VM state: not at safepoint (normal execution)

VM Mutex/Monitor currently owned by a thread: None

Heap address: 0x0000000080000000, size: 2048 MB, Compressed Oops mode: 32-bit

CDS archive(s) mapped at: [0x0000000800000000-0x0000000800bc0000-0x0000000800bc0000), size 12320768, SharedBaseAddress: 0x0000000800000000, ArchiveRelocationMode: 0.
Compressed class space mapped at: 0x0000000800c00000-0x0000000840c00000, reserved size: 1073741824
Narrow klass base: 0x0000000800000000, Narrow klass shift: 0, Narrow klass range: 0x100000000

GC Precious Log:
 CPUs: 6 total, 6 available
 Memory: 8189M
 Large Page Support: Disabled
 NUMA Support: Disabled
 Compressed Oops: Enabled (32-bit)
 Heap Region Size: 1M
 Heap Min Capacity: 8M
 Heap Initial Capacity: 128M
 Heap Max Capacity: 2G
 Pre-touch: Disabled
 Parallel Workers: 6
 Concurrent Workers: 2
 Concurrent Refinement Workers: 6
 Periodic GC: Disabled

Heap:
 garbage-first heap   total 131072K, used 17408K [0x0000000080000000, 0x0000000100000000)
  region size 1024K, 18 young (18432K), 0 survivors (0K)
 Metaspace       used 11534K, committed 11776K, reserved 1064960K
  class space    used 1322K, committed 1472K, reserved 1048576K

Heap Regions: E=young(eden), S=young(survivor), O=old, HS=humongous(starts), HC=humongous(continues), CS=collection set, F=free, OA=open archive, CA=closed archive, TAMS=top-at-mark-start (previous, next)
|   0|0x0000000080000000, 0x0000000080000000, 0x0000000080100000|  0%| F|  |TAMS 0x0000000080000000, 0x0000000080000000| Untracked 
|   1|0x0000000080100000, 0x0000000080100000, 0x0000000080200000|  0%| F|  |TAMS 0x0000000080100000, 0x0000000080100000| Untracked 
|   2|0x0000000080200000, 0x0000000080200000, 0x0000000080300000|  0%| F|  |TAMS 0x0000000080200000, 0x0000000080200000| Untracked 
|   3|0x0000000080300000, 0x0000000080300000, 0x0000000080400000|  0%| F|  |TAMS 0x0000000080300000, 0x0000000080300000| Untracked 
|   4|0x0000000080400000, 0x0000000080400000, 0x0000000080500000|  0%| F|  |TAMS 0x0000000080400000, 0x0000000080400000| Untracked 
|   5|0x0000000080500000, 0x0000000080500000, 0x0000000080600000|  0%| F|  |TAMS 0x0000000080500000, 0x0000000080500000| Untracked 
|   6|0x0000000080600000, 0x0000000080600000, 0x0000000080700000|  0%| F|  |TAMS 0x0000000080600000, 0x0000000080600000| Untracked 
|   7|0x0000000080700000, 0x0000000080700000, 0x0000000080800000|  0%| F|  |TAMS 0x0000000080700000, 0x0000000080700000| Untracked 
|   8|0x0000000080800000, 0x0000000080800000, 0x0000000080900000|  0%| F|  |TAMS 0x0000000080800000, 0x0000000080800000| Untracked 
|   9|0x0000000080900000, 0x0000000080900000, 0x0000000080a00000|  0%| F|  |TAMS 0x0000000080900000, 0x0000000080900000| Untracked 
|  10|0x0000000080a00000, 0x0000000080a00000, 0x0000000080b00000|  0%| F|  |TAMS 0x0000000080a00000, 0x0000000080a00000| Untracked 
|  11|0x0000000080b00000, 0x0000000080b00000, 0x0000000080c00000|  0%| F|  |TAMS 0x0000000080b00000, 0x0000000080b00000| Untracked 
|  12|0x0000000080c00000, 0x0000000080c00000, 0x0000000080d00000|  0%| F|  |TAMS 0x0000000080c00000, 0x0000000080c00000| Untracked 
|  13|0x0000000080d00000, 0x0000000080d00000, 0x0000000080e00000|  0%| F|  |TAMS 0x0000000080d00000, 0x0000000080d00000| Untracked 
|  14|0x0000000080e00000, 0x0000000080e00000, 0x0000000080f00000|  0%| F|  |TAMS 0x0000000080e00000, 0x0000000080e00000| Untracked 
|  15|0x0000000080f00000, 0x0000000080f00000, 0x0000000081000000|  0%| F|  |TAMS 0x0000000080f00000, 0x0000000080f00000| Untracked 
|  16|0x0000000081000000, 0x0000000081000000, 0x0000000081100000|  0%| F|  |TAMS 0x0000000081000000, 0x0000000081000000| Untracked 
|  17|0x0000000081100000, 0x0000000081100000, 0x0000000081200000|  0%| F|  |TAMS 0x0000000081100000, 0x0000000081100000| Untracked 
|  18|0x0000000081200000, 0x0000000081200000, 0x0000000081300000|  0%| F|  |TAMS 0x0000000081200000, 0x0000000081200000| Untracked 
|  19|0x0000000081300000, 0x0000000081300000, 0x0000000081400000|  0%| F|  |TAMS 0x0000000081300000, 0x0000000081300000| Untracked 
|  20|0x0000000081400000, 0x0000000081400000, 0x0000000081500000|  0%| F|  |TAMS 0x0000000081400000, 0x0000000081400000| Untracked 
|  21|0x0000000081500000, 0x0000000081500000, 0x0000000081600000|  0%| F|  |TAMS 0x0000000081500000, 0x0000000081500000| Untracked 
|  22|0x0000000081600000, 0x0000000081600000, 0x0000000081700000|  0%| F|  |TAMS 0x0000000081600000, 0x0000000081600000| Untracked 
|  23|0x0000000081700000, 0x0000000081700000, 0x0000000081800000|  0%| F|  |TAMS 0x0000000081700000, 0x0000000081700000| Untracked 
|  24|0x0000000081800000, 0x0000000081800000, 0x0000000081900000|  0%| F|  |TAMS 0x0000000081800000, 0x0000000081800000| Untracked 
|  25|0x0000000081900000, 0x0000000081900000, 0x0000000081a00000|  0%| F|  |TAMS 0x0000000081900000, 0x0000000081900000| Untracked 
|  26|0x0000000081a00000, 0x0000000081a00000, 0x0000000081b00000|  0%| F|  |TAMS 0x0000000081a00000, 0x0000000081a00000| Untracked 
|  27|0x0000000081b00000, 0x0000000081b00000, 0x0000000081c00000|  0%| F|  |TAMS 0x0000000081b00000, 0x0000000081b00000| Untracked 
|  28|0x0000000081c00000, 0x0000000081c00000, 0x0000000081d00000|  0%| F|  |TAMS 0x0000000081c00000, 0x0000000081c00000| Untracked 
|  29|0x0000000081d00000, 0x0000000081d00000, 0x0000000081e00000|  0%| F|  |TAMS 0x0000000081d00000, 0x0000000081d00000| Untracked 
|  30|0x0000000081e00000, 0x0000000081e00000, 0x0000000081f00000|  0%| F|  |TAMS 0x0000000081e00000, 0x0000000081e00000| Untracked 
|  31|0x0000000081f00000, 0x0000000081f00000, 0x0000000082000000|  0%| F|  |TAMS 0x0000000081f00000, 0x0000000081f00000| Untracked 
|  32|0x0000000082000000, 0x0000000082000000, 0x0000000082100000|  0%| F|  |TAMS 0x0000000082000000, 0x0000000082000000| Untracked 
|  33|0x0000000082100000, 0x0000000082100000, 0x0000000082200000|  0%| F|  |TAMS 0x0000000082100000, 0x0000000082100000| Untracked 
|  34|0x0000000082200000, 0x0000000082200000, 0x0000000082300000|  0%| F|  |TAMS 0x0000000082200000, 0x0000000082200000| Untracked 
|  35|0x0000000082300000, 0x0000000082300000, 0x0000000082400000|  0%| F|  |TAMS 0x0000000082300000, 0x0000000082300000| Untracked 
|  36|0x0000000082400000, 0x0000000082400000, 0x0000000082500000|  0%| F|  |TAMS 0x0000000082400000, 0x0000000082400000| Untracked 
|  37|0x0000000082500000, 0x0000000082500000, 0x0000000082600000|  0%| F|  |TAMS 0x0000000082500000, 0x0000000082500000| Untracked 
|  38|0x0000000082600000, 0x0000000082600000, 0x0000000082700000|  0%| F|  |TAMS 0x0000000082600000, 0x0000000082600000| Untracked 
|  39|0x0000000082700000, 0x0000000082700000, 0x0000000082800000|  0%| F|  |TAMS 0x0000000082700000, 0x0000000082700000| Untracked 
|  40|0x0000000082800000, 0x0000000082800000, 0x0000000082900000|  0%| F|  |TAMS 0x0000000082800000, 0x0000000082800000| Untracked 
|  41|0x0000000082900000, 0x0000000082900000, 0x0000000082a00000|  0%| F|  |TAMS 0x0000000082900000, 0x0000000082900000| Untracked 
|  42|0x0000000082a00000, 0x0000000082a00000, 0x0000000082b00000|  0%| F|  |TAMS 0x0000000082a00000, 0x0000000082a00000| Untracked 
|  43|0x0000000082b00000, 0x0000000082b00000, 0x0000000082c00000|  0%| F|  |TAMS 0x0000000082b00000, 0x0000000082b00000| Untracked 
|  44|0x0000000082c00000, 0x0000000082c00000, 0x0000000082d00000|  0%| F|  |TAMS 0x0000000082c00000, 0x0000000082c00000| Untracked 
|  45|0x0000000082d00000, 0x0000000082d00000, 0x0000000082e00000|  0%| F|  |TAMS 0x0000000082d00000, 0x0000000082d00000| Untracked 
|  46|0x0000000082e00000, 0x0000000082e00000, 0x0000000082f00000|  0%| F|  |TAMS 0x0000000082e00000, 0x0000000082e00000| Untracked 
|  47|0x0000000082f00000, 0x0000000082f00000, 0x0000000083000000|  0%| F|  |TAMS 0x0000000082f00000, 0x0000000082f00000| Untracked 
|  48|0x0000000083000000, 0x0000000083000000, 0x0000000083100000|  0%| F|  |TAMS 0x0000000083000000, 0x0000000083000000| Untracked 
|  49|0x0000000083100000, 0x0000000083100000, 0x0000000083200000|  0%| F|  |TAMS 0x0000000083100000, 0x0000000083100000| Untracked 
|  50|0x0000000083200000, 0x0000000083200000, 0x0000000083300000|  0%| F|  |TAMS 0x0000000083200000, 0x0000000083200000| Untracked 
|  51|0x0000000083300000, 0x0000000083300000, 0x0000000083400000|  0%| F|  |TAMS 0x0000000083300000, 0x0000000083300000| Untracked 
|  52|0x0000000083400000, 0x0000000083400000, 0x0000000083500000|  0%| F|  |TAMS 0x0000000083400000, 0x0000000083400000| Untracked 
|  53|0x0000000083500000, 0x0000000083500000, 0x0000000083600000|  0%| F|  |TAMS 0x0000000083500000, 0x0000000083500000| Untracked 
|  54|0x0000000083600000, 0x0000000083600000, 0x0000000083700000|  0%| F|  |TAMS 0x0000000083600000, 0x0000000083600000| Untracked 
|  55|0x0000000083700000, 0x0000000083700000, 0x0000000083800000|  0%| F|  |TAMS 0x0000000083700000, 0x0000000083700000| Untracked 
|  56|0x0000000083800000, 0x0000000083800000, 0x0000000083900000|  0%| F|  |TAMS 0x0000000083800000, 0x0000000083800000| Untracked 
|  57|0x0000000083900000, 0x0000000083900000, 0x0000000083a00000|  0%| F|  |TAMS 0x0000000083900000, 0x0000000083900000| Untracked 
|  58|0x0000000083a00000, 0x0000000083a00000, 0x0000000083b00000|  0%| F|  |TAMS 0x0000000083a00000, 0x0000000083a00000| Untracked 
|  59|0x0000000083b00000, 0x0000000083b00000, 0x0000000083c00000|  0%| F|  |TAMS 0x0000000083b00000, 0x0000000083b00000| Untracked 
|  60|0x0000000083c00000, 0x0000000083c00000, 0x0000000083d00000|  0%| F|  |TAMS 0x0000000083c00000, 0x0000000083c00000| Untracked 
|  61|0x0000000083d00000, 0x0000000083d00000, 0x0000000083e00000|  0%| F|  |TAMS 0x0000000083d00000, 0x0000000083d00000| Untracked 
|  62|0x0000000083e00000, 0x0000000083e00000, 0x0000000083f00000|  0%| F|  |TAMS 0x0000000083e00000, 0x0000000083e00000| Untracked 
|  63|0x0000000083f00000, 0x0000000083f00000, 0x0000000084000000|  0%| F|  |TAMS 0x0000000083f00000, 0x0000000083f00000| Untracked 
|  64|0x0000000084000000, 0x0000000084000000, 0x0000000084100000|  0%| F|  |TAMS 0x0000000084000000, 0x0000000084000000| Untracked 
|  65|0x0000000084100000, 0x0000000084100000, 0x0000000084200000|  0%| F|  |TAMS 0x0000000084100000, 0x0000000084100000| Untracked 
|  66|0x0000000084200000, 0x0000000084200000, 0x0000000084300000|  0%| F|  |TAMS 0x0000000084200000, 0x0000000084200000| Untracked 
|  67|0x0000000084300000, 0x0000000084300000, 0x0000000084400000|  0%| F|  |TAMS 0x0000000084300000, 0x0000000084300000| Untracked 
|  68|0x0000000084400000, 0x0000000084400000, 0x0000000084500000|  0%| F|  |TAMS 0x0000000084400000, 0x0000000084400000| Untracked 
|  69|0x0000000084500000, 0x0000000084500000, 0x0000000084600000|  0%| F|  |TAMS 0x0000000084500000, 0x0000000084500000| Untracked 
|  70|0x0000000084600000, 0x0000000084600000, 0x0000000084700000|  0%| F|  |TAMS 0x0000000084600000, 0x0000000084600000| Untracked 
|  71|0x0000000084700000, 0x0000000084700000, 0x0000000084800000|  0%| F|  |TAMS 0x0000000084700000, 0x0000000084700000| Untracked 
|  72|0x0000000084800000, 0x0000000084800000, 0x0000000084900000|  0%| F|  |TAMS 0x0000000084800000, 0x0000000084800000| Untracked 
|  73|0x0000000084900000, 0x0000000084900000, 0x0000000084a00000|  0%| F|  |TAMS 0x0000000084900000, 0x0000000084900000| Untracked 
|  74|0x0000000084a00000, 0x0000000084a00000, 0x0000000084b00000|  0%| F|  |TAMS 0x0000000084a00000, 0x0000000084a00000| Untracked 
|  75|0x0000000084b00000, 0x0000000084b00000, 0x0000000084c00000|  0%| F|  |TAMS 0x0000000084b00000, 0x0000000084b00000| Untracked 
|  76|0x0000000084c00000, 0x0000000084c00000, 0x0000000084d00000|  0%| F|  |TAMS 0x0000000084c00000, 0x0000000084c00000| Untracked 
|  77|0x0000000084d00000, 0x0000000084d00000, 0x0000000084e00000|  0%| F|  |TAMS 0x0000000084d00000, 0x0000000084d00000| Untracked 
|  78|0x0000000084e00000, 0x0000000084e00000, 0x0000000084f00000|  0%| F|  |TAMS 0x0000000084e00000, 0x0000000084e00000| Untracked 
|  79|0x0000000084f00000, 0x0000000084f00000, 0x0000000085000000|  0%| F|  |TAMS 0x0000000084f00000, 0x0000000084f00000| Untracked 
|  80|0x0000000085000000, 0x0000000085000000, 0x0000000085100000|  0%| F|  |TAMS 0x0000000085000000, 0x0000000085000000| Untracked 
|  81|0x0000000085100000, 0x0000000085100000, 0x0000000085200000|  0%| F|  |TAMS 0x0000000085100000, 0x0000000085100000| Untracked 
|  82|0x0000000085200000, 0x0000000085200000, 0x0000000085300000|  0%| F|  |TAMS 0x0000000085200000, 0x0000000085200000| Untracked 
|  83|0x0000000085300000, 0x0000000085300000, 0x0000000085400000|  0%| F|  |TAMS 0x0000000085300000, 0x0000000085300000| Untracked 
|  84|0x0000000085400000, 0x0000000085400000, 0x0000000085500000|  0%| F|  |TAMS 0x0000000085400000, 0x0000000085400000| Untracked 
|  85|0x0000000085500000, 0x0000000085500000, 0x0000000085600000|  0%| F|  |TAMS 0x0000000085500000, 0x0000000085500000| Untracked 
|  86|0x0000000085600000, 0x0000000085600000, 0x0000000085700000|  0%| F|  |TAMS 0x0000000085600000, 0x0000000085600000| Untracked 
|  87|0x0000000085700000, 0x0000000085700000, 0x0000000085800000|  0%| F|  |TAMS 0x0000000085700000, 0x0000000085700000| Untracked 
|  88|0x0000000085800000, 0x0000000085800000, 0x0000000085900000|  0%| F|  |TAMS 0x0000000085800000, 0x0000000085800000| Untracked 
|  89|0x0000000085900000, 0x0000000085900000, 0x0000000085a00000|  0%| F|  |TAMS 0x0000000085900000, 0x0000000085900000| Untracked 
|  90|0x0000000085a00000, 0x0000000085a00000, 0x0000000085b00000|  0%| F|  |TAMS 0x0000000085a00000, 0x0000000085a00000| Untracked 
|  91|0x0000000085b00000, 0x0000000085b00000, 0x0000000085c00000|  0%| F|  |TAMS 0x0000000085b00000, 0x0000000085b00000| Untracked 
|  92|0x0000000085c00000, 0x0000000085c00000, 0x0000000085d00000|  0%| F|  |TAMS 0x0000000085c00000, 0x0000000085c00000| Untracked 
|  93|0x0000000085d00000, 0x0000000085d00000, 0x0000000085e00000|  0%| F|  |TAMS 0x0000000085d00000, 0x0000000085d00000| Untracked 
|  94|0x0000000085e00000, 0x0000000085e00000, 0x0000000085f00000|  0%| F|  |TAMS 0x0000000085e00000, 0x0000000085e00000| Untracked 
|  95|0x0000000085f00000, 0x0000000085f00000, 0x0000000086000000|  0%| F|  |TAMS 0x0000000085f00000, 0x0000000085f00000| Untracked 
|  96|0x0000000086000000, 0x0000000086000000, 0x0000000086100000|  0%| F|  |TAMS 0x0000000086000000, 0x0000000086000000| Untracked 
|  97|0x0000000086100000, 0x0000000086100000, 0x0000000086200000|  0%| F|  |TAMS 0x0000000086100000, 0x0000000086100000| Untracked 
|  98|0x0000000086200000, 0x0000000086200000, 0x0000000086300000|  0%| F|  |TAMS 0x0000000086200000, 0x0000000086200000| Untracked 
|  99|0x0000000086300000, 0x0000000086300000, 0x0000000086400000|  0%| F|  |TAMS 0x0000000086300000, 0x0000000086300000| Untracked 
| 100|0x0000000086400000, 0x0000000086400000, 0x0000000086500000|  0%| F|  |TAMS 0x0000000086400000, 0x0000000086400000| Untracked 
| 101|0x0000000086500000, 0x0000000086500000, 0x0000000086600000|  0%| F|  |TAMS 0x0000000086500000, 0x0000000086500000| Untracked 
| 102|0x0000000086600000, 0x0000000086600000, 0x0000000086700000|  0%| F|  |TAMS 0x0000000086600000, 0x0000000086600000| Untracked 
| 103|0x0000000086700000, 0x0000000086700000, 0x0000000086800000|  0%| F|  |TAMS 0x0000000086700000, 0x0000000086700000| Untracked 
| 104|0x0000000086800000, 0x0000000086800000, 0x0000000086900000|  0%| F|  |TAMS 0x0000000086800000, 0x0000000086800000| Untracked 
| 105|0x0000000086900000, 0x0000000086900000, 0x0000000086a00000|  0%| F|  |TAMS 0x0000000086900000, 0x0000000086900000| Untracked 
| 106|0x0000000086a00000, 0x0000000086a00000, 0x0000000086b00000|  0%| F|  |TAMS 0x0000000086a00000, 0x0000000086a00000| Untracked 
| 107|0x0000000086b00000, 0x0000000086b00000, 0x0000000086c00000|  0%| F|  |TAMS 0x0000000086b00000, 0x0000000086b00000| Untracked 
| 108|0x0000000086c00000, 0x0000000086c00000, 0x0000000086d00000|  0%| F|  |TAMS 0x0000000086c00000, 0x0000000086c00000| Untracked 
| 109|0x0000000086d00000, 0x0000000086d00000, 0x0000000086e00000|  0%| F|  |TAMS 0x0000000086d00000, 0x0000000086d00000| Untracked 
| 110|0x0000000086e00000, 0x0000000086f00000, 0x0000000086f00000|100%| E|  |TAMS 0x0000000086e00000, 0x0000000086e00000| Complete 
| 111|0x0000000086f00000, 0x0000000087000000, 0x0000000087000000|100%| E|CS|TAMS 0x0000000086f00000, 0x0000000086f00000| Complete 
| 112|0x0000000087000000, 0x0000000087100000, 0x0000000087100000|100%| E|CS|TAMS 0x0000000087000000, 0x0000000087000000| Complete 
| 113|0x0000000087100000, 0x0000000087200000, 0x0000000087200000|100%| E|CS|TAMS 0x0000000087100000, 0x0000000087100000| Complete 
| 114|0x0000000087200000, 0x0000000087300000, 0x0000000087300000|100%| E|CS|TAMS 0x0000000087200000, 0x0000000087200000| Complete 
| 115|0x0000000087300000, 0x0000000087400000, 0x0000000087400000|100%| E|CS|TAMS 0x0000000087300000, 0x0000000087300000| Complete 
| 116|0x0000000087400000, 0x0000000087500000, 0x0000000087500000|100%| E|CS|TAMS 0x0000000087400000, 0x0000000087400000| Complete 
| 117|0x0000000087500000, 0x0000000087600000, 0x0000000087600000|100%| E|CS|TAMS 0x0000000087500000, 0x0000000087500000| Complete 
| 118|0x0000000087600000, 0x0000000087700000, 0x0000000087700000|100%| E|CS|TAMS 0x0000000087600000, 0x0000000087600000| Complete 
| 119|0x0000000087700000, 0x0000000087800000, 0x0000000087800000|100%| E|CS|TAMS 0x0000000087700000, 0x0000000087700000| Complete 
| 120|0x0000000087800000, 0x0000000087900000, 0x0000000087900000|100%| E|CS|TAMS 0x0000000087800000, 0x0000000087800000| Complete 
| 121|0x0000000087900000, 0x0000000087a00000, 0x0000000087a00000|100%| E|CS|TAMS 0x0000000087900000, 0x0000000087900000| Complete 
| 122|0x0000000087a00000, 0x0000000087b00000, 0x0000000087b00000|100%| E|CS|TAMS 0x0000000087a00000, 0x0000000087a00000| Complete 
| 123|0x0000000087b00000, 0x0000000087c00000, 0x0000000087c00000|100%| E|CS|TAMS 0x0000000087b00000, 0x0000000087b00000| Complete 
| 124|0x0000000087c00000, 0x0000000087d00000, 0x0000000087d00000|100%| E|CS|TAMS 0x0000000087c00000, 0x0000000087c00000| Complete 
| 125|0x0000000087d00000, 0x0000000087e00000, 0x0000000087e00000|100%| E|CS|TAMS 0x0000000087d00000, 0x0000000087d00000| Complete 
| 126|0x0000000087e00000, 0x0000000087f00000, 0x0000000087f00000|100%| E|CS|TAMS 0x0000000087e00000, 0x0000000087e00000| Complete 
| 127|0x0000000087f00000, 0x0000000088000000, 0x0000000088000000|100%| E|CS|TAMS 0x0000000087f00000, 0x0000000087f00000| Complete 

Card table byte_map: [0x000001d59ae30000,0x000001d59b230000] _byte_map_base: 0x000001d59aa30000

Marking Bits (Prev, Next): (CMBitMap*) 0x000001d5840f7e30, (CMBitMap*) 0x000001d5840f7e70
 Prev Bits: [0x000001d59b630000, 0x000001d59d630000)
 Next Bits: [0x000001d59d630000, 0x000001d59f630000)

Polling page: 0x000001d581ed0000

Metaspace:

Usage:
  Non-class:      9.97 MB used.
      Class:      1.29 MB used.
       Both:     11.26 MB used.

Virtual space:
  Non-class space:       16.00 MB reserved,      10.06 MB ( 63%) committed,  2 nodes.
      Class space:        1.00 GB reserved,       1.44 MB ( <1%) committed,  1 nodes.
             Both:        1.02 GB reserved,      11.50 MB (  1%) committed. 

Chunk freelists:
   Non-Class:  1.00 MB
       Class:  2.61 MB
        Both:  3.61 MB

MaxMetaspaceSize: unlimited
CompressedClassSpaceSize: 1.00 GB
Initial GC threshold: 21.00 MB
Current GC threshold: 21.00 MB
CDS: on
MetaspaceReclaimPolicy: balanced
 - commit_granule_bytes: 65536.
 - commit_granule_words: 8192.
 - virtual_space_node_default_size: 1048576.
 - enlarge_chunks_in_place: 1.
 - new_chunks_are_fully_committed: 0.
 - uncommit_free_chunks: 1.
 - use_allocation_guard: 0.
 - handle_deallocations: 1.


Internal statistics:

num_allocs_failed_limit: 0.
num_arena_births: 136.
num_arena_deaths: 0.
num_vsnodes_births: 3.
num_vsnodes_deaths: 0.
num_space_committed: 184.
num_space_uncommitted: 0.
num_chunks_returned_to_freelist: 0.
num_chunks_taken_from_freelist: 247.
num_chunk_merges: 0.
num_chunk_splits: 126.
num_chunks_enlarged: 47.
num_purges: 0.
num_inconsistent_stats: 0.

CodeHeap 'non-profiled nmethods': size=120000Kb used=354Kb max_used=354Kb free=119645Kb
 bounds [0x000001d5933f0000, 0x000001d593660000, 0x000001d59a920000]
CodeHeap 'profiled nmethods': size=120000Kb used=1900Kb max_used=1900Kb free=118099Kb
 bounds [0x000001d58bec0000, 0x000001d58c130000, 0x000001d5933f0000]
CodeHeap 'non-nmethods': size=5760Kb used=1305Kb max_used=1313Kb free=4454Kb
 bounds [0x000001d58b920000, 0x000001d58bb90000, 0x000001d58bec0000]
 total_blobs=1836 nmethods=1193 adapters=557
 compilation: enabled
              stopped_count=0, restarted_count=0
 full_count=0

Compilation events (20 events):
Event: 1.572 Thread 0x000001d5a1e1bd20 1181       3       java.awt.Container::getMouseEventTarget (50 bytes)
Event: 1.572 Thread 0x000001d5a1e1bd20 nmethod 1181 0x000001d58c096e10 code [0x000001d58c096fc0, 0x000001d58c097298]
Event: 1.574 Thread 0x000001d5a1e1bd20 1184  s    3       java.awt.Toolkit::getDefaultToolkit (53 bytes)
Event: 1.576 Thread 0x000001d5a1e1bd20 nmethod 1184 0x000001d58c097390 code [0x000001d58c0976a0, 0x000001d58c0988e8]
Event: 1.578 Thread 0x000001d5a1e1bd20 1185       3       java.awt.geom.Point2D::<init> (5 bytes)
Event: 1.578 Thread 0x000001d5a1e1bd20 nmethod 1185 0x000001d58c098d90 code [0x000001d58c098f20, 0x000001d58c099078]
Event: 1.588 Thread 0x000001d5a1e1bd20 1186       3       java.util.concurrent.locks.ReentrantLock$Sync::isHeldExclusively (16 bytes)
Event: 1.588 Thread 0x000001d5a1e1bd20 nmethod 1186 0x000001d58c099110 code [0x000001d58c0992a0, 0x000001d58c099438]
Event: 1.588 Thread 0x000001d5a1e1bd20 1187       3       sun.awt.AWTAutoShutdown::notifyToolkitThreadBusy (8 bytes)
Event: 1.588 Thread 0x000001d5a1e1bd20 nmethod 1187 0x000001d58c099510 code [0x000001d58c0996c0, 0x000001d58c099848]
Event: 1.588 Thread 0x000001d5a1e1bd20 1188       3       sun.awt.AWTAutoShutdown::notifyToolkitThreadFree (8 bytes)
Event: 1.588 Thread 0x000001d5a1e1bd20 nmethod 1188 0x000001d58c099910 code [0x000001d58c099ac0, 0x000001d58c099c48]
Event: 1.603 Thread 0x000001d5a1e1bd20 1189       3       sun.awt.EventQueueItem::<init> (10 bytes)
Event: 1.603 Thread 0x000001d5a1e1bd20 nmethod 1189 0x000001d58c099d10 code [0x000001d58c099ea0, 0x000001d58c09a058]
Event: 1.649 Thread 0x000001d5a1e1bd20 1190  s    1       java.awt.EventDispatchThread::getEventQueue (5 bytes)
Event: 1.649 Thread 0x000001d5a1e1bd20 nmethod 1190 0x000001d593447d90 code [0x000001d593447f20, 0x000001d593448098]
Event: 1.699 Thread 0x000001d5a1e1bd20 1191       3       java.security.AccessController::checkContext (49 bytes)
Event: 1.699 Thread 0x000001d5a1e1bd20 nmethod 1191 0x000001d58c09a110 code [0x000001d58c09a320, 0x000001d58c09a978]
Event: 1.715 Thread 0x000001d5a1e1bd20 1193       3       java.security.AccessController::doPrivileged (17 bytes)
Event: 1.715 Thread 0x000001d5a1e1bd20 nmethod 1193 0x000001d58c09ab90 code [0x000001d58c09ad80, 0x000001d58c09b138]

GC Heap History (0 events):
No events

Deoptimization events (20 events):
Event: 0.924 Thread 0x000001d58409d750 DEOPT PACKING pc=0x000001d59340941c sp=0x000000bd664fef40
Event: 0.924 Thread 0x000001d58409d750 DEOPT UNPACKING pc=0x000001d58b9723a3 sp=0x000000bd664fee80 mode 2
Event: 0.954 Thread 0x000001d58409d750 Uncommon trap: trap_request=0xffffffc6 fr.pc=0x000001d593438c98 relative=0x00000000000002d8
Event: 0.954 Thread 0x000001d58409d750 Uncommon trap: reason=bimorphic_or_optimized_type_check action=maybe_recompile pc=0x000001d593438c98 method=java.util.HashMap.getNode(Ljava/lang/Object;)Ljava/util/HashMap$Node; @ 128 c2
Event: 0.954 Thread 0x000001d58409d750 DEOPT PACKING pc=0x000001d593438c98 sp=0x000000bd664fec90
Event: 0.954 Thread 0x000001d58409d750 DEOPT UNPACKING pc=0x000001d58b9723a3 sp=0x000000bd664fec08 mode 2
Event: 0.957 Thread 0x000001d58409d750 Uncommon trap: trap_request=0xffffffc6 fr.pc=0x000001d593438c98 relative=0x00000000000002d8
Event: 0.957 Thread 0x000001d58409d750 Uncommon trap: reason=bimorphic_or_optimized_type_check action=maybe_recompile pc=0x000001d593438c98 method=java.util.HashMap.getNode(Ljava/lang/Object;)Ljava/util/HashMap$Node; @ 128 c2
Event: 0.957 Thread 0x000001d58409d750 DEOPT PACKING pc=0x000001d593438c98 sp=0x000000bd664fed60
Event: 0.957 Thread 0x000001d58409d750 DEOPT UNPACKING pc=0x000001d58b9723a3 sp=0x000000bd664fecd8 mode 2
Event: 0.960 Thread 0x000001d58409d750 Uncommon trap: trap_request=0xffffffc6 fr.pc=0x000001d593438c98 relative=0x00000000000002d8
Event: 0.960 Thread 0x000001d58409d750 Uncommon trap: reason=bimorphic_or_optimized_type_check action=maybe_recompile pc=0x000001d593438c98 method=java.util.HashMap.getNode(Ljava/lang/Object;)Ljava/util/HashMap$Node; @ 128 c2
Event: 0.960 Thread 0x000001d58409d750 DEOPT PACKING pc=0x000001d593438c98 sp=0x000000bd664fed40
Event: 0.960 Thread 0x000001d58409d750 DEOPT UNPACKING pc=0x000001d58b9723a3 sp=0x000000bd664fecb8 mode 2
Event: 0.961 Thread 0x000001d58409d750 DEOPT PACKING pc=0x000001d58bf51a65 sp=0x000000bd664fec50
Event: 0.961 Thread 0x000001d58409d750 DEOPT UNPACKING pc=0x000001d58b972b43 sp=0x000000bd664fe0a0 mode 0
Event: 0.969 Thread 0x000001d58409d750 Uncommon trap: trap_request=0xffffffc6 fr.pc=0x000001d593438c98 relative=0x00000000000002d8
Event: 0.969 Thread 0x000001d58409d750 Uncommon trap: reason=bimorphic_or_optimized_type_check action=maybe_recompile pc=0x000001d593438c98 method=java.util.HashMap.getNode(Ljava/lang/Object;)Ljava/util/HashMap$Node; @ 128 c2
Event: 0.969 Thread 0x000001d58409d750 DEOPT PACKING pc=0x000001d593438c98 sp=0x000000bd664fe590
Event: 0.969 Thread 0x000001d58409d750 DEOPT UNPACKING pc=0x000001d58b9723a3 sp=0x000000bd664fe508 mode 2

Classes unloaded (0 events):
No events

Classes redefined (0 events):
No events

Internal exceptions (19 events):
Event: 0.321 Thread 0x000001d58409d750 Exception <a 'java/lang/NoSuchMethodError'{0x0000000087b0d6b8}: 'java.lang.Object java.lang.invoke.DirectMethodHandle$Holder.invokeStaticInit(java.lang.Object)'> (0x0000000087b0d6b8) 
thrown [s\open\src\hotspot\share\interpreter\linkResolver.cpp, line 759]
Event: 0.328 Thread 0x000001d58409d750 Exception <a 'java/lang/NoSuchMethodError'{0x0000000087b1a7f8}: 'void java.lang.invoke.DirectMethodHandle$Holder.invokeStatic(java.lang.Object, java.lang.Object)'> (0x0000000087b1a7f8) 
thrown [s\open\src\hotspot\share\interpreter\linkResolver.cpp, line 759]
Event: 0.342 Thread 0x000001d58409d750 Exception <a 'java/lang/NoSuchMethodError'{0x0000000087b4b670}: 'void java.lang.invoke.DirectMethodHandle$Holder.invokeStatic(java.lang.Object, java.lang.Object, java.lang.Object)'> (0x0000000087b4b670) 
thrown [s\open\src\hotspot\share\interpreter\linkResolver.cpp, line 759]
Event: 0.343 Thread 0x000001d58409d750 Exception <a 'java/lang/NoSuchMethodError'{0x0000000087b51d60}: 'void java.lang.invoke.DirectMethodHandle$Holder.invokeStatic(java.lang.Object, java.lang.Object, java.lang.Object, java.lang.Object)'> (0x0000000087b51d60) 
thrown [s\open\src\hotspot\share\interpreter\linkResolver.cpp, line 759]
Event: 0.449 Thread 0x000001d58409d750 Exception <a 'java/lang/NoSuchMethodError'{0x00000000878512b0}: 'java.lang.Object java.lang.invoke.Invokers$Holder.invoke_MT(java.lang.Object, java.lang.Object, java.lang.Object, java.lang.Object, java.lang.Object)'> (0x00000000878512b0) 
thrown [s\open\src\hotspot\share\interpreter\linkResolver.cpp, line 759]
Event: 0.453 Thread 0x000001d58409d750 Exception <a 'java/lang/NoSuchMethodError'{0x00000000878653e8}: 'java.lang.Object java.lang.invoke.DirectMethodHandle$Holder.invokeStaticInit(java.lang.Object, java.lang.Object, java.lang.Object, java.lang.Object)'> (0x00000000878653e8) 
thrown [s\open\src\hotspot\share\interpreter\linkResolver.cpp, line 759]
Event: 0.487 Thread 0x000001d58409d750 Exception <a 'java/lang/ClassNotFoundException'{0x00000000877d0998}: sun/awt/resources/spi/awtProvider> (0x00000000877d0998) 
thrown [s\open\src\hotspot\share\classfile\systemDictionary.cpp, line 256]
Event: 0.506 Thread 0x000001d58409d750 Exception <a 'java/io/FileNotFoundException'{0x00000000876254e0}> (0x00000000876254e0) 
thrown [s\open\src\hotspot\share\prims\jni.cpp, line 516]
Event: 0.512 Thread 0x000001d58409d750 Exception <a 'java/io/FileNotFoundException'{0x0000000087654348}> (0x0000000087654348) 
thrown [s\open\src\hotspot\share\prims\jni.cpp, line 516]
Event: 0.571 Thread 0x000001d58409d750 Exception <a 'java/lang/NoSuchMethodError'{0x00000000874343a0}: 'void java.lang.invoke.DirectMethodHandle$Holder.invokeSpecial(java.lang.Object, java.lang.Object, java.lang.Object)'> (0x00000000874343a0) 
thrown [s\open\src\hotspot\share\interpreter\linkResolver.cpp, line 759]
Event: 0.580 Thread 0x000001d58409d750 Exception <a 'java/lang/NoSuchMethodError'{0x0000000087484998}: 'java.lang.Object java.lang.invoke.DirectMethodHandle$Holder.newInvokeSpecial(java.lang.Object, java.lang.Object, java.lang.Object, java.lang.Object, java.lang.Object)'> (0x0000000087484998) 
thrown [s\open\src\hotspot\share\interpreter\linkResolver.cpp, line 759]
Event: 0.581 Thread 0x000001d58409d750 Exception <a 'java/lang/NoSuchMethodError'{0x0000000087490160}: 'java.lang.Object java.lang.invoke.DirectMethodHandle$Holder.invokeStatic(java.lang.Object, int, java.lang.Object, java.lang.Object, java.lang.Object, java.lang.Object)'> (0x0000000087490160) 
thrown [s\open\src\hotspot\share\interpreter\linkResolver.cpp, line 759]
Event: 0.585 Thread 0x000001d58409d750 Exception <a 'java/lang/NoSuchMethodError'{0x00000000874b5f50}: 'java.lang.Object java.lang.invoke.DirectMethodHandle$Holder.invokeStatic(java.lang.Object, int, java.lang.Object)'> (0x00000000874b5f50) 
thrown [s\open\src\hotspot\share\interpreter\linkResolver.cpp, line 759]
Event: 0.616 Thread 0x000001d58409d750 Exception <a 'java/lang/ClassNotFoundException'{0x00000000873a3808}: com/sun/swing/internal/plaf/metal/resources/spi/metalProvider> (0x00000000873a3808) 
thrown [s\open\src\hotspot\share\classfile\systemDictionary.cpp, line 256]
Event: 0.617 Thread 0x000001d58409d750 Exception <a 'java/lang/ClassNotFoundException'{0x00000000873a9e88}: com/sun/swing/internal/plaf/basic/resources/spi/basicProvider> (0x00000000873a9e88) 
thrown [s\open\src\hotspot\share\classfile\systemDictionary.cpp, line 256]
Event: 0.630 Thread 0x000001d5a2d105e0 Exception <a 'java/lang/NoSuchMethodError'{0x0000000087213300}: 'java.lang.Object java.lang.invoke.DirectMethodHandle$Holder.newInvokeSpecial(java.lang.Object, java.lang.Object, java.lang.Object, int, int, int, int, int)'> (0x0000000087213300) 
thrown [s\open\src\hotspot\share\interpreter\linkResolver.cpp, line 759]
Event: 0.976 Thread 0x000001d5a2d37940 Exception <a 'java/lang/NoSuchMethodError'{0x0000000087581cd8}: 'void java.lang.invoke.DirectMethodHandle$Holder.invokeVirtual(java.lang.Object, java.lang.Object)'> (0x0000000087581cd8) 
thrown [s\open\src\hotspot\share\interpreter\linkResolver.cpp, line 759]
Event: 0.992 Thread 0x000001d58409d750 Exception <a 'java/lang/NoSuchMethodError'{0x0000000086f36830}: 'void java.lang.invoke.DirectMethodHandle$Holder.invokeStaticInit(java.lang.Object)'> (0x0000000086f36830) 
thrown [s\open\src\hotspot\share\interpreter\linkResolver.cpp, line 759]
Event: 1.078 Thread 0x000001d58409d750 Exception <a 'java/lang/NoSuchMethodError'{0x0000000086fcaea0}: 'int java.lang.invoke.DirectMethodHandle$Holder.invokeStatic(java.lang.Object)'> (0x0000000086fcaea0) 
thrown [s\open\src\hotspot\share\interpreter\linkResolver.cpp, line 759]

VM Operations (14 events):
Event: 0.107 Executing VM operation: HandshakeAllThreads
Event: 0.107 Executing VM operation: HandshakeAllThreads done
Event: 0.189 Executing VM operation: HandshakeAllThreads
Event: 0.189 Executing VM operation: HandshakeAllThreads done
Event: 0.298 Executing VM operation: HandshakeAllThreads
Event: 0.298 Executing VM operation: HandshakeAllThreads done
Event: 0.473 Executing VM operation: HandshakeAllThreads
Event: 0.473 Executing VM operation: HandshakeAllThreads done
Event: 0.644 Executing VM operation: HandshakeAllThreads
Event: 0.644 Executing VM operation: HandshakeAllThreads done
Event: 0.676 Executing VM operation: HandshakeAllThreads
Event: 0.676 Executing VM operation: HandshakeAllThreads done
Event: 1.679 Executing VM operation: Cleanup
Event: 1.680 Executing VM operation: Cleanup done

Events (20 events):
Event: 1.139 loading class java/awt/TextComponent
Event: 1.139 loading class java/awt/TextComponent done
Event: 1.146 loading class sun/awt/ModalExclude
Event: 1.146 loading class sun/awt/ModalExclude done
Event: 1.146 loading class java/awt/Container$MouseEventTargetFilter
Event: 1.146 loading class java/awt/Container$EventTargetFilter
Event: 1.146 loading class java/awt/Container$EventTargetFilter done
Event: 1.146 loading class java/awt/Container$MouseEventTargetFilter done
Event: 1.146 loading class java/awt/LightweightDispatcher$1
Event: 1.146 loading class java/awt/LightweightDispatcher$1 done
Event: 1.146 loading class java/awt/event/AWTEventListenerProxy
Event: 1.146 loading class java/awt/event/AWTEventListenerProxy done
Event: 1.146 loading class java/awt/Toolkit$SelectiveAWTEventListener
Event: 1.146 loading class java/awt/Toolkit$SelectiveAWTEventListener done
Event: 1.146 loading class java/awt/Toolkit$ToolkitEventMulticaster
Event: 1.146 loading class java/awt/Toolkit$ToolkitEventMulticaster done
Event: 1.147 loading class java/awt/event/MouseWheelEvent
Event: 1.147 loading class java/awt/event/MouseWheelEvent done
Event: 1.647 loading class javax/swing/Timer$1
Event: 1.648 loading class javax/swing/Timer$1 done


Dynamic libraries:
0x00007ff7b8f90000 - 0x00007ff7b8fa0000 	C:\Program Files\Java\jdk-17.0.4.1\bin\javaw.exe
0x00007ffa3f2d0000 - 0x00007ffa3f4c8000 	C:\Windows\SYSTEM32\ntdll.dll
0x00007ffa3d530000 - 0x00007ffa3d5ef000 	C:\Windows\System32\KERNEL32.DLL
0x00007ffa3cc90000 - 0x00007ffa3cf62000 	C:\Windows\System32\KERNELBASE.dll
0x00007ffa3d210000 - 0x00007ffa3d310000 	C:\Windows\System32\ucrtbase.dll
0x00007ffa25040000 - 0x00007ffa2505a000 	C:\Program Files\Java\jdk-17.0.4.1\bin\VCRUNTIME140.dll
0x00007ffa185b0000 - 0x00007ffa185c8000 	C:\Program Files\Java\jdk-17.0.4.1\bin\jli.dll
0x00007ffa3d9e0000 - 0x00007ffa3da8e000 	C:\Windows\System32\ADVAPI32.dll
0x00007ffa3dcd0000 - 0x00007ffa3dd6e000 	C:\Windows\System32\msvcrt.dll
0x00007ffa3db70000 - 0x00007ffa3dc0c000 	C:\Windows\System32\sechost.dll
0x00007ffa3e3f0000 - 0x00007ffa3e515000 	C:\Windows\System32\RPCRT4.dll
0x00007ffa3ddd0000 - 0x00007ffa3df71000 	C:\Windows\System32\USER32.dll
0x00007ffa3cb00000 - 0x00007ffa3cb22000 	C:\Windows\System32\win32u.dll
0x00007ffa3e750000 - 0x00007ffa3e77b000 	C:\Windows\System32\GDI32.dll
0x00007ffa3c9f0000 - 0x00007ffa3caff000 	C:\Windows\System32\gdi32full.dll
0x00007ffa3cbf0000 - 0x00007ffa3cc8d000 	C:\Windows\System32\msvcp_win.dll
0x00007ffa3bdc0000 - 0x00007ffa3c05a000 	C:\Windows\WinSxS\amd64_microsoft.windows.common-controls_6595b64144ccf1df_6.0.19041.1110_none_60b5254171f9507e\COMCTL32.dll
0x00007ffa35e20000 - 0x00007ffa35e2a000 	C:\Windows\SYSTEM32\VERSION.dll
0x00007ffa3dc90000 - 0x00007ffa3dcc2000 	C:\Windows\System32\IMM32.DLL
0x00007ffa37fe0000 - 0x00007ffa37fec000 	C:\Program Files\Java\jdk-17.0.4.1\bin\vcruntime140_1.dll
0x00007ffa0e6d0000 - 0x00007ffa0e75d000 	C:\Program Files\Java\jdk-17.0.4.1\bin\msvcp140.dll
0x00007ff9f2e50000 - 0x00007ff9f3a12000 	C:\Program Files\Java\jdk-17.0.4.1\bin\server\jvm.dll
0x00007ffa3d5f0000 - 0x00007ffa3d5f8000 	C:\Windows\System32\PSAPI.DLL
0x00007ffa33eb0000 - 0x00007ffa33ed7000 	C:\Windows\SYSTEM32\WINMM.dll
0x00007ffa380b0000 - 0x00007ffa380b9000 	C:\Windows\SYSTEM32\WSOCK32.dll
0x00007ffa3d600000 - 0x00007ffa3d66b000 	C:\Windows\System32\WS2_32.dll
0x00007ffa3a230000 - 0x00007ffa3a242000 	C:\Windows\SYSTEM32\kernel.appcore.dll
0x00007ffa25030000 - 0x00007ffa2503a000 	C:\Program Files\Java\jdk-17.0.4.1\bin\jimage.dll
0x00007ffa3c370000 - 0x00007ffa3c554000 	C:\Windows\SYSTEM32\DBGHELP.DLL
0x00007ffa3c330000 - 0x00007ffa3c365000 	C:\Windows\SYSTEM32\dbgcore.DLL
0x00007ffa3d0d0000 - 0x00007ffa3d152000 	C:\Windows\System32\bcryptPrimitives.dll
0x00007ffa1de00000 - 0x00007ffa1de0e000 	C:\Program Files\Java\jdk-17.0.4.1\bin\instrument.dll
0x00007ffa18580000 - 0x00007ffa185a5000 	C:\Program Files\Java\jdk-17.0.4.1\bin\java.dll
0x00007ffa0a7a0000 - 0x00007ffa0a876000 	C:\Program Files\Java\jdk-17.0.4.1\bin\jsvml.dll
0x00007ffa3eb30000 - 0x00007ffa3f274000 	C:\Windows\System32\SHELL32.dll
0x00007ffa3a430000 - 0x00007ffa3abc2000 	C:\Windows\SYSTEM32\windows.storage.dll
0x00007ffa3d670000 - 0x00007ffa3d9c5000 	C:\Windows\System32\combase.dll
0x00007ffa3bd20000 - 0x00007ffa3bd50000 	C:\Windows\SYSTEM32\Wldp.dll
0x00007ffa3e5d0000 - 0x00007ffa3e67d000 	C:\Windows\System32\SHCORE.dll
0x00007ffa3da90000 - 0x00007ffa3dae5000 	C:\Windows\System32\shlwapi.dll
0x00007ffa3c900000 - 0x00007ffa3c91f000 	C:\Windows\SYSTEM32\profapi.dll
0x00007ffa184f0000 - 0x00007ffa18508000 	C:\Program Files\Java\jdk-17.0.4.1\bin\zip.dll
0x00007ffa184d0000 - 0x00007ffa184e9000 	C:\Program Files\Java\jdk-17.0.4.1\bin\net.dll
0x00007ffa2e520000 - 0x00007ffa2e62c000 	C:\Windows\SYSTEM32\WINHTTP.dll
0x00007ffa3baa0000 - 0x00007ffa3bb0a000 	C:\Windows\system32\mswsock.dll
0x00007ffa103f0000 - 0x00007ffa10406000 	C:\Program Files\Java\jdk-17.0.4.1\bin\nio.dll
0x00007ffa1d750000 - 0x00007ffa1d760000 	C:\Program Files\Java\jdk-17.0.4.1\bin\verify.dll
0x00007ffa322a0000 - 0x00007ffa322b7000 	C:\Windows\system32\napinsp.dll
0x00007ffa26820000 - 0x00007ffa2683b000 	C:\Windows\system32\pnrpnsp.dll
0x00007ffa342e0000 - 0x00007ffa342f5000 	C:\Windows\system32\wshbth.dll
0x00007ffa37fc0000 - 0x00007ffa37fdd000 	C:\Windows\system32\NLAapi.dll
0x00007ffa3b7d0000 - 0x00007ffa3b80b000 	C:\Windows\SYSTEM32\IPHLPAPI.DLL
0x00007ffa3b6a0000 - 0x00007ffa3b76a000 	C:\Windows\SYSTEM32\DNSAPI.dll
0x00007ffa3d9d0000 - 0x00007ffa3d9d8000 	C:\Windows\System32\NSI.dll
0x00007ffa253a0000 - 0x00007ffa253b2000 	C:\Windows\System32\winrnr.dll
0x00007ffa30f70000 - 0x00007ffa30f7a000 	C:\Windows\System32\rasadhlp.dll
0x00007ffa31520000 - 0x00007ffa315a0000 	C:\Windows\System32\fwpuclnt.dll
0x00007ffa3c9c0000 - 0x00007ffa3c9e7000 	C:\Windows\System32\bcrypt.dll
0x00007ffa2e920000 - 0x00007ffa2e937000 	C:\Windows\SYSTEM32\dhcpcsvc6.DLL
0x00007ffa2e900000 - 0x00007ffa2e91d000 	C:\Windows\SYSTEM32\dhcpcsvc.DLL
0x00007ffa095f0000 - 0x00007ffa0977f000 	C:\Program Files\Java\jdk-17.0.4.1\bin\awt.dll
0x00007ffa3e680000 - 0x00007ffa3e74d000 	C:\Windows\System32\OLEAUT32.dll
0x00007ffa39c50000 - 0x00007ffa39ce1000 	C:\Windows\SYSTEM32\apphelp.dll
0x00007ffa39dc0000 - 0x00007ffa39e5e000 	C:\Windows\system32\uxtheme.dll
0x00007ffa3ea10000 - 0x00007ffa3eb25000 	C:\Windows\System32\MSCTF.dll
0x00007ffa3d370000 - 0x00007ffa3d49a000 	C:\Windows\System32\ole32.dll
0x00007ffa39f40000 - 0x00007ffa39f6f000 	C:\Windows\system32\DWMAPI.DLL
0x00007ffa0a710000 - 0x00007ffa0a799000 	C:\Program Files\Java\jdk-17.0.4.1\bin\freetype.dll
0x00007ffa09540000 - 0x00007ffa095e8000 	C:\Program Files\Java\jdk-17.0.4.1\bin\fontmanager.dll
0x00007ff9f90a0000 - 0x00007ff9f91c5000 	C:\Windows\system32\opengl32.dll
0x00007ffa0ea80000 - 0x00007ffa0eaac000 	C:\Windows\SYSTEM32\GLU32.dll
0x00007ffa33070000 - 0x00007ffa3323e000 	C:\Windows\system32\d3d9.dll
0x00007ffa34f70000 - 0x00007ffa3502e000 	C:\Windows\System32\DriverStore\FileRepository\nv_dispi.inf_amd64_009debfbd2e1619b\nvldumdx.dll
0x00007ffa3c170000 - 0x00007ffa3c182000 	C:\Windows\SYSTEM32\msasn1.dll
0x00007ffa35da0000 - 0x00007ffa35dd1000 	C:\Windows\SYSTEM32\cryptnet.dll
0x00007ffa3cf70000 - 0x00007ffa3d0c6000 	C:\Windows\System32\CRYPT32.dll
0x00007ffa35c50000 - 0x00007ffa35d98000 	C:\Windows\SYSTEM32\drvstore.dll
0x00007ffa3c770000 - 0x00007ffa3c79c000 	C:\Windows\SYSTEM32\devobj.dll
0x00007ffa3cb30000 - 0x00007ffa3cb7e000 	C:\Windows\System32\cfgmgr32.dll
0x00007ffa3bd10000 - 0x00007ffa3bd1c000 	C:\Windows\SYSTEM32\cryptbase.dll
0x00007ffa3cb80000 - 0x00007ffa3cbe9000 	C:\Windows\System32\WINTRUST.DLL
0x00007ffa3dc70000 - 0x00007ffa3dc8d000 	C:\Windows\System32\imagehlp.dll
0x00007ffa3c750000 - 0x00007ffa3c768000 	C:\Windows\SYSTEM32\CRYPTSP.dll
0x00007ffa3b3c0000 - 0x00007ffa3b3f4000 	C:\Windows\system32\rsaenh.dll
0x00007ff9e6210000 - 0x00007ff9e8819000 	C:\Windows\System32\DriverStore\FileRepository\nv_dispi.inf_amd64_009debfbd2e1619b\nvd3dumx.dll
0x00007ffa0eb40000 - 0x00007ffa0ee0f000 	C:\Windows\system32\nvspcap64.dll
0x00007ffa3c710000 - 0x00007ffa3c743000 	C:\Windows\SYSTEM32\ntmarta.dll
0x00007ffa3abe0000 - 0x00007ffa3ac03000 	C:\Windows\SYSTEM32\gpapi.dll
0x00007ffa36ff0000 - 0x00007ffa3702b000 	C:\Windows\SYSTEM32\dxcore.dll
0x00007ffa3e520000 - 0x00007ffa3e5cf000 	C:\Windows\System32\clbcatq.dll
0x00007ffa34910000 - 0x00007ffa34ac4000 	C:\Windows\SYSTEM32\WindowsCodecs.dll
0x00007ffa27f10000 - 0x00007ffa27f4e000 	C:\Windows\system32\dataexchange.dll
0x00007ffa38840000 - 0x00007ffa38aa3000 	C:\Windows\system32\d3d11.dll
0x00007ffa39070000 - 0x00007ffa39253000 	C:\Windows\system32\dcomp.dll
0x00007ffa3ac10000 - 0x00007ffa3ad03000 	C:\Windows\system32\dxgi.dll
0x00007ffa35ea0000 - 0x00007ffa360a0000 	C:\Windows\system32\twinapi.appcore.dll
0x00007ffa36740000 - 0x00007ffa36839000 	C:\Windows\SYSTEM32\textinputframework.dll
0x00007ffa39260000 - 0x00007ffa395be000 	C:\Windows\System32\CoreUIComponents.dll
0x00007ffa39a20000 - 0x00007ffa39b12000 	C:\Windows\System32\CoreMessaging.dll
0x00007ffa38280000 - 0x00007ffa383d4000 	C:\Windows\SYSTEM32\wintypes.dll

dbghelp: loaded successfully - version: 4.0.5 - missing functions: none
symbol engine: initialized successfully - sym options: 0x614 - pdb path: .;C:\Program Files\Java\jdk-17.0.4.1\bin;C:\Windows\SYSTEM32;C:\Windows\WinSxS\amd64_microsoft.windows.common-controls_6595b64144ccf1df_6.0.19041.1110_none_60b5254171f9507e;C:\Program Files\Java\jdk-17.0.4.1\bin\server;C:\Windows\System32\DriverStore\FileRepository\nv_dispi.inf_amd64_009debfbd2e1619b

VM Arguments:
jvm_args: -Duser.language=en -Duser.country=US -javaagent:F:\Vinicius Silvano\Aplicativos\eclipse\configuration\org.eclipse.osgi\845\0\.cp\jacocoagent.jar=includes=*,excludes=,exclclassloader=sun.reflect.DelegatingClassLoader,output=tcpclient,port=56115 -Dfile.encoding=UTF-8 -XX:+ShowCodeDetailsInExceptionMessages 
java_command: youtube.ze_codes_projetos.mercado_meu.main.Mercado
java_class_path (initial): D:\TI\Estudos JAVA\aprendizado-paralelo\bin
Launcher Type: SUN_STANDARD

[Global flags]
     intx CICompilerCount                          = 3                                         {product} {ergonomic}
     uint ConcGCThreads                            = 2                                         {product} {ergonomic}
     uint G1ConcRefinementThreads                  = 6                                         {product} {ergonomic}
   size_t G1HeapRegionSize                         = 1048576                                   {product} {ergonomic}
    uintx GCDrainStackTargetSize                   = 64                                        {product} {ergonomic}
   size_t InitialHeapSize                          = 134217728                                 {product} {ergonomic}
   size_t MarkStackSize                            = 4194304                                   {product} {ergonomic}
   size_t MaxHeapSize                              = 2147483648                                {product} {ergonomic}
   size_t MaxNewSize                               = 1287651328                                {product} {ergonomic}
   size_t MinHeapDeltaBytes                        = 1048576                                   {product} {ergonomic}
   size_t MinHeapSize                              = 8388608                                   {product} {ergonomic}
    uintx NonNMethodCodeHeapSize                   = 5832780                                {pd product} {ergonomic}
    uintx NonProfiledCodeHeapSize                  = 122912730                              {pd product} {ergonomic}
    uintx ProfiledCodeHeapSize                     = 122912730                              {pd product} {ergonomic}
    uintx ReservedCodeCacheSize                    = 251658240                              {pd product} {ergonomic}
     bool SegmentedCodeCache                       = true                                      {product} {ergonomic}
     bool ShowCodeDetailsInExceptionMessages       = true                                   {manageable} {command line}
   size_t SoftMaxHeapSize                          = 2147483648                             {manageable} {ergonomic}
     bool UseCompressedClassPointers               = true                           {product lp64_product} {ergonomic}
     bool UseCompressedOops                        = true                           {product lp64_product} {ergonomic}
     bool UseG1GC                                  = true                                      {product} {ergonomic}
     bool UseLargePagesIndividualAllocation        = false                                  {pd product} {ergonomic}

Logging:
Log output configuration:
 #0: stdout all=warning uptime,level,tags
 #1: stderr all=off uptime,level,tags

Environment Variables:
PATH=F:/Vinicius Silvano/Aplicativos/JAVA/JAVA 19/bin/server;F:/Vinicius Silvano/Aplicativos/JAVA/JAVA 19/bin;C:\ProgramData\Oracle\Java\javapath;C:\Python310\Scripts\;C:\Python310\;C:\Program Files\Common Files\Oracle\Java\javapath;C:\Windows\system32;C:\Windows;C:\Windows\System32\Wbem;C:\Windows\System32\WindowsPowerShell\v1.0\;C:\Windows\System32\OpenSSH\;C:\Program Files\NVIDIA Corporation\NVIDIA NvDLISR;C:\Program Files (x86)\NVIDIA Corporation\PhysX\Common;F:\Vinicius Silvano\Aplicativos\Git\cmd;F:\Vinicius Silvano\Aplicativos\NODEJS\;C:\ProgramData\chocolatey\bin;C:\Users\vinis\AppData\Local\Microsoft\WindowsApps;F:\Vinicius Silvano\Aplicativos\Microsoft VS Code\bin;C:\Users\vinis\AppData\Local\GitHubDesktop\bin;C:\Users\vinis\AppData\Roaming\npm;F:\Vinicius Silvano\Aplicativos\eclipse;
USERNAME=vinis
OS=Windows_NT
PROCESSOR_IDENTIFIER=AMD64 Family 21 Model 2 Stepping 0, AuthenticAMD



---------------  S Y S T E M  ---------------

OS:
 Windows 10 , 64 bit Build 19041 (10.0.19041.2364)
OS uptime: 2 days 7:03 hours

CPU: total 6 (initial active 6) (6 cores per cpu, 1 threads per core) family 21 model 2 stepping 0 microcode 0x0, cx8, cmov, fxsr, mmx, 3dnowpref, sse, sse2, sse3, ssse3, sse4a, sse4.1, sse4.2, popcnt, lzcnt, tsc, tscinvbit, avx, aes, clmul, bmi1, fma, vzeroupper, clflush

Memory: 4k page, system-wide physical 8189M (2971M free)
TotalPageFile size 16893M (AvailPageFile size 6100M)
current process WorkingSet (physical memory assigned to process): 99M, peak: 99M
current process commit charge ("private bytes"): 250M, peak: 250M

vm_info: Java HotSpot(TM) 64-Bit Server VM (17.0.4.1+1-LTS-2) for windows-amd64 JRE (17.0.4.1+1-LTS-2), built on Aug 16 2022 18:32:06 by "mach5one" with MS VC++ 16.8 / 16.9 (VS2019)

END.
